-7.563810178899999528e+02 -7.563318474994048302e+02
-7.573899662999999691e+02 -7.570174036882403925e+02
-7.577450517099999843e+02 -7.570794704966685913e+02
-7.558268356999999469e+02 -7.555744634389930070e+02
-7.576800801199999569e+02 -7.567886269154339516e+02
-7.574668703199999982e+02 -7.571567686160153698e+02
-7.575108501600000181e+02 -7.573689579667636735e+02
-7.573614395199999763e+02 -7.570581839509931115e+02
-7.577925433399999520e+02 -7.570712541130021691e+02
-7.582388106600000128e+02 -7.575380745167287841e+02
-7.560894951400000537e+02 -7.560365636496485422e+02
-7.558686701599999651e+02 -7.556734931253332661e+02
-7.555057798100000355e+02 -7.554449174940026523e+02
-7.548547100299999784e+02 -7.557057641905112177e+02
-7.551544245999999703e+02 -7.554883165386123665e+02
-7.576315385299999434e+02 -7.573969127803039783e+02
-7.576967563399999790e+02 -7.570307374198588377e+02
-7.587740344300000288e+02 -7.580299859149533859e+02
-7.570366466899999978e+02 -7.569628726668557874e+02
-7.563552109700000301e+02 -7.564199780020175012e+02
-7.377375887700000021e+02 -7.435324728937830514e+02
-7.374541504799999529e+02 -7.432011813860226539e+02
-7.364154915899999878e+02 -7.424960027472163802e+02
-7.363260756800000308e+02 -7.423080330711356964e+02
-7.373564717299999529e+02 -7.430985321004417301e+02
-7.370597199000000046e+02 -7.430357080043895621e+02
-7.366990195900000344e+02 -7.425856713666737505e+02
-7.370031713500000023e+02 -7.426153368562124797e+02
-7.366105484700000261e+02 -7.422272939691712281e+02
-7.374228339100000085e+02 -7.431211404911906584e+02
-7.375191455299999461e+02 -7.431690720737732363e+02
-7.371891565399999990e+02 -7.431224180057250805e+02
-7.368936484900000323e+02 -7.427044622940475165e+02
-7.367827838199999633e+02 -7.425933606458986560e+02
-7.371509965499999453e+02 -7.428884392024544923e+02
-7.375701798500000450e+02 -7.432281948644780414e+02
-7.370743784700000560e+02 -7.426653728792474567e+02
-7.372608835099999851e+02 -7.427962316440604127e+02
-7.377240541200000052e+02 -7.433507842953541740e+02
-7.366774006599999893e+02 -7.427911631225384781e+02
-7.339385787999999593e+02 -7.427695932665639020e+02
-7.368122204799999508e+02 -7.444754884102303549e+02
-7.342957333900000094e+02 -7.430987313367669458e+02
-7.375490682099999731e+02 -7.450159724468967397e+02
-7.369053558399999702e+02 -7.440351792300840543e+02
-7.333967297399999552e+02 -7.424544146618719651e+02
-7.363919239499999776e+02 -7.437980059043460415e+02
-7.372531923000000234e+02 -7.449553582898183777e+02
-7.348276810800000476e+02 -7.433835543000278676e+02
-7.365300932799999600e+02 -7.440949266584231054e+02
-7.371089327099999764e+02 -7.440741901736263344e+02
-7.377572985100000551e+02 -7.451586842859600210e+02
-7.338269797299999482e+02 -7.425048755568376464e+02
-7.358653496099999529e+02 -7.435086684846023672e+02
-7.370082396100000324e+02 -7.443512050666494133e+02
-7.349076153700000305e+02 -7.434297704065392054e+02
-7.364755311200000278e+02 -7.440664180926512472e+02
-7.370176621599999862e+02 -7.439645156801345820e+02
-7.370027270599999838e+02 -7.443834959116135224e+02
-7.366759197600000562e+02 -7.444611400438686815e+02
-7.297531076899999789e+02 -7.386737479931230155e+02
-7.369429896999999983e+02 -7.439878358980490702e+02
-7.376645743499999526e+02 -7.449037542015580584e+02
-7.373530023199999732e+02 -7.446875691988553854e+02
-7.365243379500000174e+02 -7.434491616783727750e+02
-7.372128214699999944e+02 -7.445041761199066741e+02
-7.366660360600000104e+02 -7.442052307240940081e+02
-7.369223651099999870e+02 -7.443657136788477828e+02
-7.366483324299999822e+02 -7.441001868278001439e+02
-7.368148095000000239e+02 -7.442615984931576349e+02
-7.366873601600000256e+02 -7.440372036736454220e+02
-7.343310295300000234e+02 -7.422849258358195357e+02
-7.358363659899999902e+02 -7.430990145248049430e+02
-7.374477285499999653e+02 -7.448983166768674664e+02
-7.366789563099999896e+02 -7.441605215625727396e+02
-7.369624697100000503e+02 -7.445109643639733576e+02
-7.370736569099999542e+02 -7.444198042896988454e+02
-7.363123889400000053e+02 -7.433597756175847735e+02
-7.360473667600000454e+02 -7.431851478716968131e+02
-7.361266071500000407e+02 -7.431679355106997491e+02
-7.362043619500000204e+02 -7.425497147070283290e+02
-7.365605139299999564e+02 -7.429037154485089332e+02
-7.365528063599999768e+02 -7.426482432569740695e+02
-7.365442947499999491e+02 -7.424146584553474213e+02
-7.368712762999999768e+02 -7.428825873389698700e+02
-7.367932860299999902e+02 -7.427504896482370214e+02
-7.372536620099999709e+02 -7.431796655381692744e+02
-7.362471543999999994e+02 -7.422857620715608391e+02
-7.368662907799999857e+02 -7.427531437654433830e+02
-7.368649791699999696e+02 -7.428101453360048936e+02
-7.365617481900000030e+02 -7.426794574279507515e+02
-7.362472108800000115e+02 -7.421650963021064626e+02
-7.364072784600000432e+02 -7.421636040034774169e+02
-7.351757992000000286e+02 -7.418490681389008614e+02
-7.367686212500000238e+02 -7.427446921930309145e+02
-7.364653711099999782e+02 -7.424333066014778524e+02
-7.362465686599999799e+02 -7.422613947899073992e+02
-7.365813589800000045e+02 -7.424457351435719374e+02
-7.368629046600000265e+02 -7.426412072393144399e+02
-7.357073550400000386e+02 -7.419869663604488323e+02
-7.361432301999999481e+02 -7.413267544077446018e+02
-7.370077403400000549e+02 -7.427462573067100493e+02
-7.362042235799999617e+02 -7.419129889708136716e+02
-7.365293541700000333e+02 -7.414303369126080270e+02
-7.372049059199999874e+02 -7.428370385160959586e+02
-7.368912748699999611e+02 -7.425560779202905906e+02
-7.364670446699999502e+02 -7.414693024189572270e+02
-7.315131950999999617e+02 -7.397261950988061017e+02
-7.366700256799999806e+02 -7.417463247616296940e+02
-7.373629729000000452e+02 -7.424433948712439815e+02
-7.363290941799999700e+02 -7.414189208974173653e+02
-7.369198445499999934e+02 -7.422326229659282717e+02
-7.369340574799999786e+02 -7.422820835767398648e+02
-7.366541056199999957e+02 -7.418457021034275840e+02
-7.362024526300000389e+02 -7.419399369112538807e+02
-7.364121054099999810e+02 -7.421221620508898695e+02
-7.367590880400000515e+02 -7.424401674998003955e+02
-7.362244621800000459e+02 -7.414211345560585187e+02
-7.370513144100000318e+02 -7.427428755730832108e+02
-7.364363482200000135e+02 -7.414878846645810881e+02
-7.337439533000000438e+02 -7.387233410033129530e+02
-7.325756881800000428e+02 -7.371453974359318408e+02
-7.339290913199999977e+02 -7.389603484431287370e+02
-7.330028755800000226e+02 -7.391325733119292636e+02
-7.338399576100000559e+02 -7.397554939088879564e+02
-7.332876995399999487e+02 -7.386214530092368022e+02
-7.335079016099999762e+02 -7.382474234550768415e+02
-7.340419014699999707e+02 -7.392302231008484341e+02
-7.336035364099999470e+02 -7.385140756685474344e+02
-7.341996394999999893e+02 -7.391469352278580800e+02
-7.326771959200000310e+02 -7.387738999549792425e+02
-7.351704940299999862e+02 -7.398597801336231896e+02
-7.330257598199999620e+02 -7.391690882190216598e+02
-7.326946627199999966e+02 -7.384740154538571915e+02
-7.335512508900000057e+02 -7.381393004914715448e+02
-7.341169306199999482e+02 -7.389120099001949029e+02
-7.332431894600000533e+02 -7.378470458230675604e+02
-7.337716344599999729e+02 -7.395507301054381060e+02
-7.329847452699999621e+02 -7.377901056854661874e+02
-7.331839356100000487e+02 -7.388140302738897844e+02
-7.630848453900000550e+02 -7.589648246653333672e+02
-7.627944938000000548e+02 -7.588473145448809873e+02
-7.632368104600000152e+02 -7.589143218688759589e+02
-7.636652202899999793e+02 -7.595454998675777460e+02
-7.630559958100000131e+02 -7.589188934811570562e+02
-7.630434260800000175e+02 -7.591804817826050567e+02
-7.627812290800000028e+02 -7.586141332613890427e+02
-7.633288962799999808e+02 -7.592302580676976049e+02
-7.635273176099999546e+02 -7.594275578562969713e+02
-7.583686000599999488e+02 -7.559155412873851674e+02
-7.633466513299999860e+02 -7.590434197556267009e+02
-7.633134131499999739e+02 -7.590756209927686768e+02
-7.633032283899999584e+02 -7.591924848415904989e+02
-7.626342460099999698e+02 -7.584882310832518897e+02
-7.636637381399999640e+02 -7.592553942720699069e+02
-7.619886731499999541e+02 -7.578504614903711172e+02
-7.618469471500000054e+02 -7.578398126359013531e+02
-7.632961989399999538e+02 -7.591703597711997418e+02
-7.634031706199999689e+02 -7.593624219895452825e+02
-7.631940638300000046e+02 -7.589781430864441063e+02
-7.596442280200000141e+02 -7.593458020116941043e+02
-7.607241527200000064e+02 -7.605481277660469459e+02
-7.602207834199999752e+02 -7.600156082615731066e+02
-7.589142341199999464e+02 -7.586248911566174229e+02
-7.595469848100000263e+02 -7.592309011669134406e+02
-7.591563834400000133e+02 -7.590111969531277509e+02
-7.591112028200000168e+02 -7.587987882878933306e+02
-7.600913509299999760e+02 -7.597449422424527938e+02
-7.587749639200000047e+02 -7.585404550948251199e+02
-7.593394743999999719e+02 -7.592543966641088673e+02
-7.594483730099999548e+02 -7.591248303380154994e+02
-7.600721064099999467e+02 -7.595718454669306539e+02
-7.595760054500000251e+02 -7.594155240797192619e+02
-7.589093567099999973e+02 -7.584376832745615502e+02
-7.600760702600000513e+02 -7.596353577693163288e+02
-7.586295049599999629e+02 -7.585855149384926790e+02
-7.588993792500000382e+02 -7.586448765459707602e+02
-7.599209345499999699e+02 -7.596232556994850711e+02
-7.601138189600000032e+02 -7.596906372330528256e+02
-7.605836958500000264e+02 -7.603381522076431338e+02
-7.563810178899999528e+02 -7.563318474994048302e+02
-7.573899662999999691e+02 -7.570174036882403925e+02
-7.577450517099999843e+02 -7.570794704966685913e+02
-7.558268356999999469e+02 -7.555744634389930070e+02
-7.576800801199999569e+02 -7.567886269154339516e+02
-7.574668703199999982e+02 -7.571567686160153698e+02
-7.575108501600000181e+02 -7.573689579667636735e+02
-7.573614395199999763e+02 -7.570581839509931115e+02
-7.577925433399999520e+02 -7.570712541130021691e+02
-7.582388106600000128e+02 -7.575380745167287841e+02
-7.560894951400000537e+02 -7.560365636496485422e+02
-7.558686701599999651e+02 -7.556734931253332661e+02
-7.555057798100000355e+02 -7.554449174940026523e+02
-7.548547100299999784e+02 -7.557057641905112177e+02
-7.551544245999999703e+02 -7.554883165386123665e+02
-7.576315385299999434e+02 -7.573969127803039783e+02
-7.576967563399999790e+02 -7.570307374198588377e+02
-7.587740344300000288e+02 -7.580299859149533859e+02
-7.570366466899999978e+02 -7.569628726668557874e+02
-7.563552109700000301e+02 -7.564199780020175012e+02
-7.521242763799999693e+02 -7.429358621629476147e+02
-7.525666063800000529e+02 -7.435769041522557927e+02
-7.527262782300000481e+02 -7.440552738129658792e+02
-7.525958748399999649e+02 -7.438909653657862009e+02
-7.527139763400000447e+02 -7.436265996427564460e+02
-7.528344061100000317e+02 -7.436044687774480053e+02
-7.529522904599999720e+02 -7.439460616129110804e+02
-7.532196224599999823e+02 -7.446147584032514715e+02
-7.528875614800000449e+02 -7.438397485857841502e+02
-7.528764882699999816e+02 -7.436817459135442050e+02
-7.475620131800000081e+02 -7.393497098526565878e+02
-7.527290774099999453e+02 -7.437218590013412722e+02
-7.524457603700000163e+02 -7.436108115834313139e+02
-7.528573815500000137e+02 -7.437187537355857785e+02
-7.531775345099999868e+02 -7.445008030061953832e+02
-7.524552830600000561e+02 -7.433523000454143812e+02
-7.529722492199999806e+02 -7.442924328361460766e+02
-7.521460659800000030e+02 -7.430348476316623874e+02
-7.523345234399999981e+02 -7.435311766316146986e+02
-7.524932296599999972e+02 -7.434428345087715115e+02
-7.499093142599999737e+02 -7.407078880137457872e+02
-7.513458720500000254e+02 -7.419859913539377203e+02
-7.500224130100000366e+02 -7.405472796997601108e+02
-7.507927121699999589e+02 -7.415900971649942903e+02
-7.506922739300000558e+02 -7.414388313885738171e+02
-7.503452033199999960e+02 -7.411727499743940371e+02
-7.501277294200000370e+02 -7.407457873010426965e+02
-7.506493646000000126e+02 -7.412598902450346259e+02
-7.505770472200000540e+02 -7.410879829469645301e+02
-7.511424628099999836e+02 -7.417089030686041724e+02
-7.503841017800000373e+02 -7.412708097906113380e+02
-7.512169240299999728e+02 -7.417922188635436669e+02
-7.488431376400000090e+02 -7.399474508967118709e+02
-7.508569032100000413e+02 -7.413972248061669461e+02
-7.504384418199999800e+02 -7.411198362417632097e+02
-7.511740216599999940e+02 -7.418145956563284926e+02
-7.507640693700000156e+02 -7.413722591312548502e+02
-7.498479911900000161e+02 -7.405323766992847823e+02
-7.500183753500000421e+02 -7.406996262729835507e+02
-7.502943334799999775e+02 -7.410238721876202135e+02
-7.582511395400000538e+02 -7.543288515912122421e+02
-7.591889585799999622e+02 -7.552711811579172263e+02
-7.587045056299999715e+02 -7.546277795740732017e+02
-7.566810339099999965e+02 -7.527247280810624943e+02
-7.587360535999999911e+02 -7.546406385042898819e+02
-7.589487743800000317e+02 -7.550207007469509790e+02
-7.598935896599999751e+02 -7.557734396475703988e+02
-7.594468336999999565e+02 -7.555336746950727047e+02
-7.597127938300000096e+02 -7.556795739479598524e+02
-7.588510952899999893e+02 -7.547886631075170953e+02
-7.585082877099999905e+02 -7.545023387357784941e+02
-7.553885733900000332e+02 -7.526144351811093429e+02
-7.604494797400000152e+02 -7.564340203679425940e+02
-7.583209584799999448e+02 -7.543660749050770846e+02
-7.581938087400000086e+02 -7.542242277976706646e+02
-7.594460794200000464e+02 -7.555114261059893579e+02
-7.601298089499999833e+02 -7.560977050098208565e+02
-7.563231617899999719e+02 -7.526897185796389067e+02
-7.585208610800000315e+02 -7.543902699759908046e+02
-7.578819300799999610e+02 -7.539677327575151367e+02
-7.570637922500000059e+02 -7.536566506981953353e+02
-7.563891286699999910e+02 -7.531475227308201283e+02
-7.566383460700000114e+02 -7.533169386811064214e+02
-7.559251662399999532e+02 -7.527177380673289235e+02
-7.567316496099999767e+02 -7.534018446827933531e+02
-7.571250940899999478e+02 -7.537768420515761818e+02
-7.570565083100000265e+02 -7.539745720624837304e+02
-7.563653540899999825e+02 -7.532657320402943242e+02
-7.564318487499999719e+02 -7.531351205081253966e+02
-7.565216955600000119e+02 -7.534136065640570905e+02
-7.570359389200000351e+02 -7.538938693619759306e+02
-7.561597431999999799e+02 -7.529725092884266360e+02
-7.568513525500000014e+02 -7.537510176340654198e+02
-7.564637655499999482e+02 -7.534853616662998093e+02
-7.561097858599999881e+02 -7.527782656385796827e+02
-7.560546589799999992e+02 -7.531046166850242116e+02
-7.566511500899999874e+02 -7.537126235719924807e+02
-7.559950132300000405e+02 -7.525461295041543508e+02
-7.568921682999999803e+02 -7.537474009123154701e+02
-7.570196979700000384e+02 -7.538584286945180111e+02
-7.626580145799999855e+02 -7.620895128901383941e+02
-7.615651006000000507e+02 -7.608978620871854446e+02
-7.622189780500000325e+02 -7.616167572684153129e+02
-7.575904634800000395e+02 -7.590084830969472023e+02
-7.623475718800000323e+02 -7.617181559132258144e+02
-7.629899425700000393e+02 -7.624462063406404013e+02
-7.623489336100000173e+02 -7.617222145330767944e+02
-7.612083235899999636e+02 -7.606666839675879146e+02
-7.578165828999999576e+02 -7.588429069386861556e+02
-7.624412219800000230e+02 -7.617383636358890726e+02
-7.633723800899999787e+02 -7.627436024301204043e+02
-7.617602624300000116e+02 -7.614209978714476392e+02
-7.592436965800000053e+02 -7.589766033660838502e+02
-7.626187431399999923e+02 -7.618264516819955361e+02
-7.613836422800000037e+02 -7.609354715936714229e+02
-7.617536921399999983e+02 -7.612652937646513465e+02
-7.618688160899999957e+02 -7.612354891182884558e+02
-7.626701151700000310e+02 -7.619810389529003487e+02
-7.617142916100000321e+02 -7.613920222511176235e+02
-7.627240177600000379e+02 -7.621988648096421457e+02
-7.462290652100000443e+02 -7.376375095827979749e+02
-7.457863525400000526e+02 -7.372555778263706543e+02
-7.473332847499999616e+02 -7.385431864726853064e+02
-7.458448649900000191e+02 -7.372393625668333925e+02
-7.465341331500000024e+02 -7.374617931178582921e+02
-7.479491038700000445e+02 -7.392576642498924002e+02
-7.466930363000000170e+02 -7.379774207325306179e+02
-7.452391707000000451e+02 -7.366950041510543770e+02
-7.458758468400000083e+02 -7.374609413653274714e+02
-7.472716402300000027e+02 -7.383509366998390533e+02
-7.459454717800000481e+02 -7.370711431103055702e+02
-7.468366105699999480e+02 -7.377258123923518269e+02
-7.459995178899999928e+02 -7.374206791970731274e+02
-7.454712110000000393e+02 -7.367172625123640728e+02
-7.477806979099999580e+02 -7.387530957826917302e+02
-7.459034213600000385e+02 -7.369482989842426832e+02
-7.477281442900000457e+02 -7.389779655346616209e+02
-7.461096359699999994e+02 -7.375176193588151818e+02
-7.460174728900000218e+02 -7.376344202917877055e+02
-7.464058833599999616e+02 -7.376641520551412441e+02
-3.038566297440000199e+03 -3.193013364868208555e+03
-3.042162827560000096e+03 -3.192526466809978956e+03
-3.040993477449999773e+03 -3.193168631912072669e+03
-3.038459764149999955e+03 -3.194424323505133998e+03
-3.038595731590000014e+03 -3.192901521577602580e+03
-3.042114114760000120e+03 -3.193836439833413806e+03
-3.041504990089999865e+03 -3.194247565929859775e+03
-3.040366105290000178e+03 -3.193657348541958982e+03
-3.039309821740000189e+03 -3.193837566995748602e+03
-3.041457042089999959e+03 -3.193758210988398332e+03
-3.041262263590000202e+03 -3.192324382869323017e+03
-3.038425665109999954e+03 -3.192603741094064389e+03
-3.040252010159999827e+03 -3.193896886568000809e+03
-3.042830806729999949e+03 -3.192280735197465219e+03
-3.028974995879999824e+03 -3.188484857176477817e+03
-3.039961252609999974e+03 -3.193733668695904271e+03
-3.027985170920000201e+03 -3.188147623389743785e+03
-3.041815958369999862e+03 -3.194692983571318109e+03
-3.040019554829999834e+03 -3.193558773649999694e+03
-3.039530056260000038e+03 -3.194080888116127426e+03
-3.833405289899999957e+02 -3.891190073575473889e+02
-3.850061399900000083e+02 -3.895604041845266465e+02
-3.845006652000000145e+02 -3.895241431006444373e+02
-3.842361508999999842e+02 -3.894126627312033406e+02
-3.849398257999999942e+02 -3.896507571840816126e+02
-3.844165702500000066e+02 -3.895377114935442933e+02
-3.852238274100000126e+02 -3.897074026813900218e+02
-3.849292156399999953e+02 -3.899016468825227548e+02
-3.849325572800000259e+02 -3.895607057538868503e+02
-3.854363405899999862e+02 -3.899291298167202058e+02
-3.848506381799999758e+02 -3.899338857423736613e+02
-3.849199064100000101e+02 -3.897293920522643020e+02
-3.854815750399999956e+02 -3.899504770425073730e+02
-3.848814382599999817e+02 -3.897010857934575938e+02
-3.851691985900000077e+02 -3.896952326271162406e+02
-3.851596847199999729e+02 -3.902826400949250001e+02
-3.846117237500000101e+02 -3.893595088406625564e+02
-3.851538943400000221e+02 -3.896538171456990085e+02
-3.844370975200000089e+02 -3.896908490160754468e+02
-3.846481999200000246e+02 -3.891521394680913204e+02
-3.865247799900000132e+02 -3.909551014302453495e+02
-3.863072786100000258e+02 -3.908132681103452342e+02
-3.863742257399999858e+02 -3.911595775631004699e+02
-3.869263439599999970e+02 -3.912436432839049303e+02
-3.873091868299999874e+02 -3.922883576286211564e+02
-3.858271492800000146e+02 -3.904072071094753937e+02
-3.871601269399999978e+02 -3.914454544375817022e+02
-3.869517356000000063e+02 -3.919328290214170920e+02
-3.862856108400000039e+02 -3.906461287226353534e+02
-3.862159915199999887e+02 -3.908169525682038739e+02
-3.870544310600000131e+02 -3.913355953094635993e+02
-3.871661625899999990e+02 -3.915365805400868453e+02
-3.870392641099999764e+02 -3.912580348612529519e+02
-3.860155404299999873e+02 -3.903018537392180178e+02
-3.862606485700000007e+02 -3.909275527638891958e+02
-3.864228114000000005e+02 -3.912678396488762473e+02
-3.877070163899999784e+02 -3.921640722242341326e+02
-3.869745231100000069e+02 -3.915010568004950073e+02
-3.863489023800000268e+02 -3.906861580003928793e+02
-3.866751551599999743e+02 -3.909726323689379797e+02
-3.826159414599999877e+02 -3.871175921236767863e+02
-3.826317502399999739e+02 -3.872134714389907231e+02
-3.826671897800000011e+02 -3.872945532885672719e+02
-3.828359547599999928e+02 -3.872803070753722068e+02
-3.824210275400000114e+02 -3.882594182790965078e+02
-3.826822013699999729e+02 -3.875397506672919690e+02
-3.820074318499999890e+02 -3.864958921795054039e+02
-3.822712294300000053e+02 -3.868652737047839310e+02
-3.819157435299999861e+02 -3.866999744946056126e+02
-3.825274591500000270e+02 -3.870544490848272972e+02
-3.819471306300000037e+02 -3.866271980787756775e+02
-3.816044954000000189e+02 -3.876162860685866463e+02
-3.825347475799999870e+02 -3.872210963690658900e+02
-3.827272885300000098e+02 -3.874026319681928499e+02
-3.825420940199999791e+02 -3.870247026582571266e+02
-3.836746905399999719e+02 -3.887336646295397600e+02
-3.817880305300000146e+02 -3.863464709685163712e+02
-3.825458170399999744e+02 -3.870247515566993570e+02
-3.822520379200000207e+02 -3.867937770022677455e+02
-3.833708554500000218e+02 -3.883171622642025227e+02
-3.796833996500000126e+02 -3.838747841165132400e+02
-3.833054361800000152e+02 -3.865734246005018804e+02
-3.810581584700000235e+02 -3.858292068220435453e+02
-3.795504299500000229e+02 -3.848813253390940190e+02
-3.799850027300000193e+02 -3.841161807287460306e+02
-3.803872322999999938e+02 -3.848408990167129105e+02
-3.800780644199999756e+02 -3.843925084581343299e+02
-3.832953766200000132e+02 -3.866653919091744456e+02
-3.806413305500000206e+02 -3.860124888583304710e+02
-3.795648870100000067e+02 -3.837910376723382342e+02
-3.806832238000000075e+02 -3.852255661090713375e+02
-3.816307208200000218e+02 -3.848470163041757246e+02
-3.804955925799999932e+02 -3.855270673884781445e+02
-3.809365347799999881e+02 -3.861224825077252945e+02
-3.807137750200000141e+02 -3.848400806976585500e+02
-3.807692389800000115e+02 -3.851552315669476343e+02
-3.804795023199999946e+02 -3.842262962211477770e+02
-3.803445682000000261e+02 -3.852581025913340795e+02
-3.813171209600000111e+02 -3.856778306263344689e+02
-3.801127605199999948e+02 -3.852795131963505355e+02
-1.427044622610000033e+03 -1.421296501028499506e+03
-1.424930816659999891e+03 -1.419087476960946788e+03
-1.425742775940000001e+03 -1.419748127929567545e+03
-1.426246398170000020e+03 -1.420343528673260153e+03
-1.426325653970000076e+03 -1.420510820421461176e+03
-1.425575004569999919e+03 -1.421005598602343071e+03
-1.426666912919999959e+03 -1.421067300775588137e+03
-1.424283464079999931e+03 -1.418460751092510691e+03
-1.424974110209999935e+03 -1.419012327076128713e+03
-1.424905640949999906e+03 -1.419397089997240300e+03
-1.426281267110000044e+03 -1.420597931347861504e+03
-1.424693571750000046e+03 -1.418760418095582054e+03
-1.423618630129999929e+03 -1.417890876599776675e+03
-1.425264886160000060e+03 -1.419539299945408402e+03
-1.424031814879999956e+03 -1.418196026595187050e+03
-1.427024509630000011e+03 -1.421460002134382194e+03
-1.427138737470000024e+03 -1.421564723577857876e+03
-1.426628150759999926e+03 -1.420888290493236582e+03
-1.426351831700000048e+03 -1.420644663759615014e+03
-1.425171600769999941e+03 -1.421515367982190583e+03
-1.418245544970000083e+03 -1.413412605904386510e+03
-1.418168346879999945e+03 -1.413236298370839904e+03
-1.412944247270000005e+03 -1.409846189162173232e+03
-1.414782640840000113e+03 -1.410255508684704637e+03
-1.414010247380000010e+03 -1.408842468287137081e+03
-1.416825008360000083e+03 -1.411929146305139284e+03
-1.416172538510000095e+03 -1.411442686487983337e+03
-1.415849097860000029e+03 -1.410915937693947626e+03
-1.416785147739999957e+03 -1.412048627260304329e+03
-1.416007855939999899e+03 -1.410932429743794273e+03
-1.414993661709999969e+03 -1.410119283847028782e+03
-1.415417465609999908e+03 -1.413611473176184063e+03
-1.417062295780000113e+03 -1.412110917076454371e+03
-1.418147850260000041e+03 -1.413086530424717466e+03
-1.416170058810000000e+03 -1.411475738637061113e+03
-1.418442323870000109e+03 -1.414939044666119571e+03
-1.415843092970000043e+03 -1.411148517625907743e+03
-1.415675732520000111e+03 -1.410772576116962682e+03
-1.419571459660000073e+03 -1.416438425004658257e+03
-1.417858953070000098e+03 -1.414232429251040685e+03
-7.632288021800000024e+02 -7.665904026273345835e+02
-7.626230390399999806e+02 -7.659406878142533515e+02
-7.621276236400000244e+02 -7.656136871192614990e+02
-7.626567561099999466e+02 -7.661241489075450772e+02
-7.632564716000000544e+02 -7.667165910105904914e+02
-7.582323053100000152e+02 -7.629743579540656810e+02
-7.619518989700000020e+02 -7.653071811776986806e+02
-7.630024097699999857e+02 -7.663629785171095818e+02
-7.627321557899999789e+02 -7.661852545549721754e+02
-7.620004122200000438e+02 -7.654725867151199736e+02
-7.636868860099999665e+02 -7.670266297935876310e+02
-7.635599665700000287e+02 -7.669117970847971719e+02
-7.634099909799999750e+02 -7.667359443852947152e+02
-7.630438122499999736e+02 -7.664053008649397043e+02
-7.635926387800000157e+02 -7.670224723012897812e+02
-7.633767126200000348e+02 -7.666569729804400595e+02
-7.629211184800000183e+02 -7.663687296891466758e+02
-7.633314976899999920e+02 -7.667201428318228409e+02
-7.632526195200000529e+02 -7.664345387310555680e+02
-7.598645539599999665e+02 -7.638700050640405834e+02
-7.593597369399999479e+02 -7.587145269164300316e+02
-7.591765566200000421e+02 -7.586819804330885972e+02
-7.617986421599999858e+02 -7.611524670067043417e+02
-7.614509480100000474e+02 -7.607969719056083022e+02
-7.614448515000000270e+02 -7.608064517546431489e+02
-7.610769846199999620e+02 -7.606840312232477572e+02
-7.614476304999999456e+02 -7.606890007073108109e+02
-7.623168577899999718e+02 -7.618102840042622574e+02
-7.629794557200000327e+02 -7.623990618979846658e+02
-7.619903519700000061e+02 -7.613779829154353820e+02
-7.592929330599999957e+02 -7.589204966424094891e+02
-7.619677770900000269e+02 -7.613501647215811090e+02
-7.619206935099999782e+02 -7.612438631934277282e+02
-7.609991228899999669e+02 -7.605254079493175823e+02
-7.619102129000000332e+02 -7.613257783654819377e+02
-7.619952209900000071e+02 -7.613633649910289023e+02
-7.615731299899999840e+02 -7.610781154075218637e+02
-7.607817003599999452e+02 -7.603319941755314630e+02
-7.616569652700000006e+02 -7.610457412208731967e+02
-7.628459166599999435e+02 -7.622410648011201602e+02
-7.458202148599999646e+02 -7.381708064651243149e+02
-7.455110235700000203e+02 -7.380435524592585352e+02
-7.455849983499999780e+02 -7.377188190632789428e+02
-7.467934126200000264e+02 -7.388428919653857747e+02
-7.460025524100000212e+02 -7.381044150800400985e+02
-7.454671694700000444e+02 -7.380008451599436512e+02
-7.448185331700000233e+02 -7.367847784157446540e+02
-7.443548527599999716e+02 -7.366922983770973588e+02
-7.440465585800000099e+02 -7.362877822072722438e+02
-7.442036547500000552e+02 -7.364973784791070557e+02
-7.438645354300000463e+02 -7.359544444156827012e+02
-7.441241717200000494e+02 -7.363748795454437186e+02
-7.462173406800000066e+02 -7.385336405866667064e+02
-7.439783182300000135e+02 -7.362796385097851726e+02
-7.455930820800000447e+02 -7.381217816322453018e+02
-7.459851336899999978e+02 -7.378957622214768435e+02
-7.459813766900000473e+02 -7.377489677413352638e+02
-7.451956181100000549e+02 -7.376570850481649586e+02
-7.449108913799999527e+02 -7.371858804537857850e+02
-7.462085095300000148e+02 -7.382698813892305907e+02
-7.549982735900000534e+02 -7.440005171472701022e+02
-7.536643229899999596e+02 -7.429248559898708208e+02
-7.470099333099999512e+02 -7.383253052962832044e+02
-7.538642320999999811e+02 -7.430933574514301654e+02
-7.555650902300000098e+02 -7.445195945280941032e+02
-7.555909372500000245e+02 -7.445916361310753473e+02
-7.539917905999999448e+02 -7.430625730648557692e+02
-7.552663570400000026e+02 -7.443833207900634079e+02
-7.537539706400000341e+02 -7.428051926188397829e+02
-7.537734545600000047e+02 -7.429096014601020670e+02
-7.553178141900000355e+02 -7.442431071152821005e+02
-7.547016658799999504e+02 -7.438875208283213851e+02
-7.549077966700000388e+02 -7.440817606932102990e+02
-7.556646443700000191e+02 -7.447326958087354569e+02
-7.553626070799999752e+02 -7.445112026861594359e+02
-7.542624083700000028e+02 -7.431452258032334157e+02
-7.555022203300000001e+02 -7.444184043513645292e+02
-7.554498481000000538e+02 -7.443580725214274025e+02
-7.547678863899999442e+02 -7.437686539138595663e+02
-7.545677601500000264e+02 -7.436721903651371122e+02
-7.488718676900000446e+02 -7.407113473769938992e+02
-7.486193787900000416e+02 -7.404693890784560608e+02
-7.523906974699999637e+02 -7.430532412680917105e+02
-7.516313367499999458e+02 -7.428995783338958745e+02
-7.497824828599999591e+02 -7.411527135932307147e+02
-7.514859988800000110e+02 -7.426348893838910499e+02
-7.528592325600000095e+02 -7.437311934187868019e+02
-7.512488361599999962e+02 -7.422006777450164918e+02
-7.532578202900000406e+02 -7.441123168992960473e+02
-7.514047505500000170e+02 -7.425259218686342138e+02
-7.504322418499999685e+02 -7.413148309305222483e+02
-7.505320527300000322e+02 -7.413293792948779810e+02
-7.480562360699999545e+02 -7.393903644135133391e+02
-7.488179413799999793e+02 -7.401945694377718610e+02
-7.500383341499999688e+02 -7.408991080770600774e+02
-7.527355196900000465e+02 -7.435561077784753934e+02
-7.489937098499999593e+02 -7.402131970827140321e+02
-7.487419223000000557e+02 -7.405258043227129292e+02
-7.528620318499999939e+02 -7.435093181004983762e+02
-7.515106461100000388e+02 -7.425102975118946915e+02
-7.362996428599999490e+02 -7.439367167058719588e+02
-7.362193697200000315e+02 -7.435963654155290214e+02
-7.363248318099999778e+02 -7.440444192961425642e+02
-7.374743445899999870e+02 -7.452252548768179850e+02
-7.370670169500000384e+02 -7.449169157890466977e+02
-7.367242856499999561e+02 -7.445226399511763020e+02
-7.367504060200000140e+02 -7.441927538169836680e+02
-7.339846351899999490e+02 -7.418974973093211247e+02
-7.353935084700000289e+02 -7.427908745169635267e+02
-7.342783546499999829e+02 -7.422035763301191764e+02
-7.364561707799999795e+02 -7.439174104662746458e+02
-7.273032751499999904e+02 -7.378688453281788497e+02
-7.368292041700000254e+02 -7.443156915890123173e+02
-7.344213762900000120e+02 -7.424437703684777716e+02
-7.360829399299999523e+02 -7.436781593410978530e+02
-7.362632656099999622e+02 -7.436468952380855626e+02
-7.369196857700000010e+02 -7.447380174503090302e+02
-7.354671987499999659e+02 -7.429787118807828392e+02
-7.346572427700000389e+02 -7.430260120337126182e+02
-7.366618401599999970e+02 -7.445577433511414256e+02
-7.373961309100000108e+02 -7.277873372799883782e+02
-7.358606874099999686e+02 -7.256159894801082828e+02
-7.377995014900000115e+02 -7.284766451377407748e+02
-7.383057594399999743e+02 -7.289198340761250847e+02
-7.401471662899999728e+02 -7.302601509530326211e+02
-7.400868756800000483e+02 -7.300168959435329725e+02
-7.362930284799999754e+02 -7.265060557417072005e+02
-7.392023220300000048e+02 -7.297417196929459351e+02
-7.375205029300000206e+02 -7.282098974400873885e+02
-7.375847006799999690e+02 -7.277301320732713066e+02
-7.365856605400000490e+02 -7.271872951322950485e+02
-7.400527333999999655e+02 -7.303904271185310790e+02
-7.368832382000000507e+02 -7.268224795489156804e+02
-7.371276181599999973e+02 -7.277975189382651706e+02
-7.363674010900000440e+02 -7.269747978716487751e+02
-7.370575630399999909e+02 -7.269756234641208721e+02
-7.392704266199999665e+02 -7.295619914118935867e+02
-7.405918118600000071e+02 -7.305205513247010458e+02
-7.396225915600000462e+02 -7.297622098220405178e+02
-7.347899276599999894e+02 -7.244760406892753508e+02
